Removed Pin From Net: NetName=3.3V Pin=JP1-1
Removed Pin From Net: NetName=+5 Pin=JP1-2
Removed Pin From Net: NetName=GND Pin=JP1-4
Removed Pin From Net: NetName=GND Pin=JP1-5
Removed Pin From Net: NetName=GND Pin=JP1-6
Removed Pin From Net: NetName=GND Pin=JP1-7
Removed Pin From Net: NetName=+5 Pin=JP1-8
Removed Pin From Net: NetName=+5 Pin=JP1-9
Removed Pin From Net: NetName=3.3V Pin=JP1-10
Removed Pin From Net: NetName=+5_SIM Pin=JP2-1
Removed Pin From Net: NetName=GND Pin=JP2-2
Removed Pin From Net: NetName=+5 Pin=JP2-3
Removed Pin From Net: NetName=3.3V Pin=JP2-4
Change Component Comment : Designator=JP2 Old Comment=Comment New Comment=JP 1x4 2.54
Change Component Comment : Designator=JP1 Old Comment=Comment New Comment=JP 2x5 2.54
Change component parameters: Designator = "JP1" ("JP1"); Footprint = "JP 2x5 DT"; UniqueID = "\IFLWSIFZ" ("\IFLWSIFZ")
Change component parameters (AddParameter): Name = "Chung_Loai"; Value = "C?m"; VariantName = "[No Variations]"
Change component parameters (AddParameter): Name = "Don_Vi"; Value = "Con"; VariantName = "[No Variations]"
Change component parameters (AddParameter): Name = "Ghi_Chu"; Value = ""; VariantName = "[No Variations]"
Change component parameters (AddParameter): Name = "Kieu_Chan"; Value = ""; VariantName = "[No Variations]"
Change component parameters (AddParameter): Name = "Ma_Hang"; Value = "MH002686"; VariantName = "[No Variations]"
Change component parameters (AddParameter): Name = "Ten_Linh_Kien"; Value = "Jump Ðôi Ð?c 2.54MM 2x40P Th?ng 11MM"; VariantName = "[No Variations]"
Change component parameters: Designator = "JP2" ("JP2"); Footprint = "JP 1x4 DT"; UniqueID = "\QCALSGIF" ("\QCALSGIF")
Change component parameters (AddParameter): Name = "Chung_Loai"; Value = "C?m"; VariantName = "[No Variations]"
Change component parameters (AddParameter): Name = "Don_Vi"; Value = "Con"; VariantName = "[No Variations]"
Change component parameters (AddParameter): Name = "Ghi_Chu"; Value = ""; VariantName = "[No Variations]"
Change component parameters (AddParameter): Name = "Kieu_Chan"; Value = ""; VariantName = "[No Variations]"
Change component parameters (AddParameter): Name = "Ma_Hang"; Value = "MH000903"; VariantName = "[No Variations]"
Change component parameters (AddParameter): Name = "Ten_Linh_Kien"; Value = "Jump Ðon Ð?c 2.54MM 1x40P Th?ng 11MM"; VariantName = "[No Variations]"
Added Component: Designator=C3(tu 1206)
Add component (AddParameter): Name = "Chung_Loai"; Value = "Dán"; VariantName = "[No Variations]"
Add component (AddParameter): Name = "Don_Vi"; Value = "Con"; VariantName = "[No Variations]"
Add component (AddParameter): Name = "Kieu_Chan"; Value = ""; VariantName = "[No Variations]"
Add component (AddParameter): Name = "Ma_Hang"; Value = "MH004544"; VariantName = "[No Variations]"
Add component (AddParameter): Name = "So_Chan"; Value = "2"; VariantName = "[No Variations]"
Add component (AddParameter): Name = "Ten_Linh_Kien"; Value = "T? 1206 104-0.1uF 20% 50V"; VariantName = "[No Variations]"
Added Component: Designator=C4(tu 0805)
Add component (AddParameter): Name = "Chung_Loai"; Value = "Dán"; VariantName = "[No Variations]"
Add component (AddParameter): Name = "Don_Vi"; Value = "Con"; VariantName = "[No Variations]"
Add component (AddParameter): Name = "Kieu_Chan"; Value = ""; VariantName = "[No Variations]"
Add component (AddParameter): Name = "Ma_Hang"; Value = "MH004552"; VariantName = "[No Variations]"
Add component (AddParameter): Name = "So_Chan"; Value = "2"; VariantName = "[No Variations]"
Add component (AddParameter): Name = "Ten_Linh_Kien"; Value = "T? 0805 105-1uF 10% 50V"; VariantName = "[No Variations]"
Added Component: Designator=D1(DIODE 0.5A)
Add component (AddParameter): Name = "Chung_Loai"; Value = "C?m"; VariantName = "[No Variations]"
Add component (AddParameter): Name = "Don_Vi"; Value = "Con"; VariantName = "[No Variations]"
Add component (AddParameter): Name = "Ghi Chu"; Value = ""; VariantName = "[No Variations]"
Add component (AddParameter): Name = "Kieu_Chan"; Value = ""; VariantName = "[No Variations]"
Add component (AddParameter): Name = "Ma_Hang"; Value = "MH001065"; VariantName = "[No Variations]"
Add component (AddParameter): Name = "Ten_Linh_Kien"; Value = "Diode 1N4148 DO35 450mA 100V ( 1N4148 DIP)"; VariantName = "[No Variations]"
Added Component: Designator=IC1(SOIC127P620X175-8N)
Add component (AddParameter): Name = "Arrow Part Number"; Value = ""; VariantName = "[No Variations]"
Add component (AddParameter): Name = "Arrow Price/Stock"; Value = ""; VariantName = "[No Variations]"
Add component (AddParameter): Name = "Datasheet Link"; Value = "https://media.digikey.com/pdf/Data%20Sheets/Atmel%20PDFs/AT24C32,64.pdf"; VariantName = "[No Variations]"
Add component (AddParameter): Name = "Height"; Value = "1.75mm"; VariantName = "[No Variations]"
Add component (AddParameter): Name = "Manufacturer_Name"; Value = "Microchip"; VariantName = "[No Variations]"
Add component (AddParameter): Name = "Manufacturer_Part_Number"; Value = "AT24C32N-10SI-2.7"; VariantName = "[No Variations]"
Add component (AddParameter): Name = "Mouser Part Number"; Value = "556-AT24C32N10SI2.7"; VariantName = "[No Variations]"
Add component (AddParameter): Name = "Mouser Price/Stock"; Value = "https://www.mouser.co.uk/ProductDetail/Microchip-Technology/AT24C32N-10SI-27?qs=fKsNvYl5pt8HdLBcCulm1Q%3D%3D"; VariantName = "[No Variations]"
Added Component: Designator=IC2(SOP65P640X120-14N)
Add component (AddParameter): Name = "Arrow Part Number"; Value = "SN74LVC125APW"; VariantName = "[No Variations]"
Add component (AddParameter): Name = "Arrow Price/Stock"; Value = "https://www.arrow.com/en/products/sn74lvc125apw/texas-instruments?region=nac"; VariantName = "[No Variations]"
Add component (AddParameter): Name = "Datasheet Link"; Value = "http://www.ti.com/lit/ds/symlink/sn74lvc125a.pdf"; VariantName = "[No Variations]"
Add component (AddParameter): Name = "Height"; Value = "1.2mm"; VariantName = "[No Variations]"
Add component (AddParameter): Name = "Manufacturer_Name"; Value = "Texas Instruments"; VariantName = "[No Variations]"
Add component (AddParameter): Name = "Manufacturer_Part_Number"; Value = "SN74LVC125APW"; VariantName = "[No Variations]"
Add component (AddParameter): Name = "Mouser Part Number"; Value = "595-SN74LVC125APW"; VariantName = "[No Variations]"
Add component (AddParameter): Name = "Mouser Price/Stock"; Value = "https://www.mouser.co.uk/ProductDetail/Texas-Instruments/SN74LVC125APW?qs=dT9u2OTAaVWiVMpIt3mBKA%3D%3D"; VariantName = "[No Variations]"
Added Component: Designator=JP3(JP 2x6 DT)
Add component (AddParameter): Name = "Chung_Loai"; Value = "C?m"; VariantName = "[No Variations]"
Add component (AddParameter): Name = "Don_Vi"; Value = "Con"; VariantName = "[No Variations]"
Add component (AddParameter): Name = "Ghi_Chu"; Value = ""; VariantName = "[No Variations]"
Add component (AddParameter): Name = "Kieu_Chan"; Value = ""; VariantName = "[No Variations]"
Add component (AddParameter): Name = "Ma_Hang"; Value = "MH002686"; VariantName = "[No Variations]"
Add component (AddParameter): Name = "Ten_Linh_Kien"; Value = "Jump Ðôi Ð?c 2.54MM 2x40P Th?ng 11MM"; VariantName = "[No Variations]"
Added Component: Designator=P1(MicroSD)
Added Component: Designator=R1(tro bang 0603 4)
Add component (AddParameter): Name = "Chung_Loai"; Value = "Dán"; VariantName = "[No Variations]"
Add component (AddParameter): Name = "Don_Vi"; Value = "Con"; VariantName = "[No Variations]"
Add component (AddParameter): Name = "Kieu_Chan"; Value = ""; VariantName = "[No Variations]"
Add component (AddParameter): Name = "Ma_Hang"; Value = "MH001448"; VariantName = "[No Variations]"
Add component (AddParameter): Name = "So_Chan"; Value = "8"; VariantName = "[No Variations]"
Add component (AddParameter): Name = "Ten_Linh_Kien"; Value = "Tr? bang 0603x4 4.7k"; VariantName = "[No Variations]"
Added Component: Designator=R2(tro bang 0603 4)
Add component (AddParameter): Name = "Chung_Loai"; Value = "Dán"; VariantName = "[No Variations]"
Add component (AddParameter): Name = "Don_Vi"; Value = "Con"; VariantName = "[No Variations]"
Add component (AddParameter): Name = "Kieu_Chan"; Value = ""; VariantName = "[No Variations]"
Add component (AddParameter): Name = "Ma_Hang"; Value = "MH001448"; VariantName = "[No Variations]"
Add component (AddParameter): Name = "So_Chan"; Value = "8"; VariantName = "[No Variations]"
Add component (AddParameter): Name = "Ten_Linh_Kien"; Value = "Tr? bang 0603x4 4.7k"; VariantName = "[No Variations]"
Added Component: Designator=R3(tro smd 0805)
Add component (AddParameter): Name = "Chung_Loai"; Value = "Dán"; VariantName = "[No Variations]"
Add component (AddParameter): Name = "Don_Vi"; Value = "Con"; VariantName = "[No Variations]"
Add component (AddParameter): Name = "Kieu_Chan"; Value = ""; VariantName = "[No Variations]"
Add component (AddParameter): Name = "Ma_Hang"; Value = "MH005472"; VariantName = "[No Variations]"
Add component (AddParameter): Name = "So_Chan"; Value = "2"; VariantName = "[No Variations]"
Add component (AddParameter): Name = "Ten_Linh_Kien"; Value = "Tr? 0805 1% 3.3k"; VariantName = "[No Variations]"
Added Component: Designator=R4(tro smd 0805)
Add component (AddParameter): Name = "Chung_Loai"; Value = "Dán"; VariantName = "[No Variations]"
Add component (AddParameter): Name = "Don_Vi"; Value = "Con"; VariantName = "[No Variations]"
Add component (AddParameter): Name = "Kieu_Chan"; Value = ""; VariantName = "[No Variations]"
Add component (AddParameter): Name = "Ma_Hang"; Value = "MH005472"; VariantName = "[No Variations]"
Add component (AddParameter): Name = "So_Chan"; Value = "2"; VariantName = "[No Variations]"
Add component (AddParameter): Name = "Ten_Linh_Kien"; Value = "Tr? 0805 1% 3.3k"; VariantName = "[No Variations]"
Added Component: Designator=R5(tro smd 0805)
Add component (AddParameter): Name = "Chung_Loai"; Value = "Dán"; VariantName = "[No Variations]"
Add component (AddParameter): Name = "Don_Vi"; Value = "Con"; VariantName = "[No Variations]"
Add component (AddParameter): Name = "Kieu_Chan"; Value = ""; VariantName = "[No Variations]"
Add component (AddParameter): Name = "Ma_Hang"; Value = "MH005257"; VariantName = "[No Variations]"
Add component (AddParameter): Name = "So_Chan"; Value = "2"; VariantName = "[No Variations]"
Add component (AddParameter): Name = "Ten_Linh_Kien"; Value = "Tr? 0805 5% 200R"; VariantName = "[No Variations]"
Added Component: Designator=R6(tro smd 0805)
Add component (AddParameter): Name = "Chung_Loai"; Value = "Dán"; VariantName = "[No Variations]"
Add component (AddParameter): Name = "Don_Vi"; Value = "Con"; VariantName = "[No Variations]"
Add component (AddParameter): Name = "Kieu_Chan"; Value = ""; VariantName = "[No Variations]"
Add component (AddParameter): Name = "Ma_Hang"; Value = "MH005472"; VariantName = "[No Variations]"
Add component (AddParameter): Name = "So_Chan"; Value = "2"; VariantName = "[No Variations]"
Add component (AddParameter): Name = "Ten_Linh_Kien"; Value = "Tr? 0805 1% 3.3k"; VariantName = "[No Variations]"
Added Component: Designator=R7(tro smd 0805)
Add component (AddParameter): Name = "Chung_Loai"; Value = "Dán"; VariantName = "[No Variations]"
Add component (AddParameter): Name = "Don_Vi"; Value = "Con"; VariantName = "[No Variations]"
Add component (AddParameter): Name = "Kieu_Chan"; Value = ""; VariantName = "[No Variations]"
Add component (AddParameter): Name = "Ma_Hang"; Value = "MH005472"; VariantName = "[No Variations]"
Add component (AddParameter): Name = "So_Chan"; Value = "2"; VariantName = "[No Variations]"
Add component (AddParameter): Name = "Ten_Linh_Kien"; Value = "Tr? 0805 1% 3.3k"; VariantName = "[No Variations]"
Added Component: Designator=U1(SOIC 16)
Added Component: Designator=U2(BH68A1)
Add component (AddParameter): Name = "Arrow Part Number"; Value = ""; VariantName = "[No Variations]"
Add component (AddParameter): Name = "Arrow Price/Stock"; Value = ""; VariantName = "[No Variations]"
Add component (AddParameter): Name = "Datasheet Link"; Value = "https://datasheet.datasheetarchive.com/originals/distributors/Datasheets_SAMA/70f8d3eb5adb5c6430ba15a257ae11e9.pdf"; VariantName = "[No Variations]"
Add component (AddParameter): Name = "Height"; Value = "9mm"; VariantName = "[No Variations]"
Add component (AddParameter): Name = "Manufacturer_Name"; Value = "Adam Tech"; VariantName = "[No Variations]"
Add component (AddParameter): Name = "Manufacturer_Part_Number"; Value = "BH-68A-1"; VariantName = "[No Variations]"
Add component (AddParameter): Name = "Mouser Part Number"; Value = ""; VariantName = "[No Variations]"
Add component (AddParameter): Name = "Mouser Price/Stock"; Value = ""; VariantName = "[No Variations]"
Added Pin To Net: NetName=+5 Pin=C3-1
Added Pin To Net: NetName=GND Pin=C3-2
Added Pin To Net: NetName=+5 Pin=C4-1
Added Pin To Net: NetName=GND Pin=C4-2
Added Pin To Net: NetName=NetD1_1 Pin=D1-1
Added Pin To Net: NetName=NetD1_2 Pin=D1-2
Added Pin To Net: NetName=NetIC1_1 Pin=IC1-1
Added Pin To Net: NetName=NetIC1_2 Pin=IC1-2
Added Pin To Net: NetName=NetIC1_3 Pin=IC1-3
Added Pin To Net: NetName=GND Pin=IC1-4
Added Pin To Net: NetName=NetIC1_5 Pin=IC1-5
Added Pin To Net: NetName=NetIC1_6 Pin=IC1-6
Added Pin To Net: NetName=GND Pin=IC1-7
Added Pin To Net: NetName=NetIC1_8 Pin=IC1-8
Added Pin To Net: NetName=GND Pin=IC2-1
Added Pin To Net: NetName=NetIC2_2 Pin=IC2-2
Added Pin To Net: NetName=DI_LLS Pin=IC2-3
Added Pin To Net: NetName=GND Pin=IC2-4
Added Pin To Net: NetName=NetIC2_5 Pin=IC2-5
Added Pin To Net: NetName=SCK_LLS Pin=IC2-6
Added Pin To Net: NetName=GND Pin=IC2-7
Added Pin To Net: NetName=CS_LLS Pin=IC2-8
Added Pin To Net: NetName=NetIC2_9 Pin=IC2-9
Added Pin To Net: NetName=GND Pin=IC2-10
Added Pin To Net: NetName=MISO Pin=IC2-11
Added Pin To Net: NetName=NetIC2_12 Pin=IC2-12
Added Pin To Net: NetName=GND Pin=IC2-13
Added Pin To Net: NetName=3.3V Pin=IC2-14
Added Pin To Net: NetName=GND Pin=JP1-1
Added Pin To Net: NetName=GND Pin=JP1-2
Added Pin To Net: NetName=+5 Pin=JP1-4
Added Pin To Net: NetName=GND Pin=JP1-9
Added Pin To Net: NetName=GND Pin=JP1-10
Added Pin To Net: NetName=3.3V Pin=JP2-1
Added Pin To Net: NetName=+5 Pin=JP2-2
Added Pin To Net: NetName=GND Pin=JP2-3
Added Pin To Net: NetName=+5_SIM Pin=JP2-4
Added Pin To Net: NetName=CS Pin=JP3-1
Added Pin To Net: NetName=SCK Pin=JP3-2
Added Pin To Net: NetName=MOSI Pin=JP3-3
Added Pin To Net: NetName=MISO Pin=JP3-4
Added Pin To Net: NetName=+5 Pin=JP3-5
Added Pin To Net: NetName=GND Pin=JP3-6
Added Pin To Net: NetName=GND Pin=JP3-7
Added Pin To Net: NetName=+5 Pin=JP3-8
Added Pin To Net: NetName=SDA Pin=JP3-9
Added Pin To Net: NetName=SCL Pin=JP3-10
Added Pin To Net: NetName=SQW Pin=JP3-11
Added Pin To Net: NetName=32K Pin=JP3-12
Added Pin To Net: NetName=GND Pin=P1-0
Added Pin To Net: NetName=GND Pin=P1-0
Added Pin To Net: NetName=GND Pin=P1-0
Added Pin To Net: NetName=GND Pin=P1-0
Added Pin To Net: NetName=GND Pin=P1-0
Added Pin To Net: NetName=GND Pin=P1-0
Added Pin To Net: NetName=CS_LLS Pin=P1-1
Added Pin To Net: NetName=DI_LLS Pin=P1-2
Added Pin To Net: NetName=3.3V Pin=P1-4
Added Pin To Net: NetName=SCK_LLS Pin=P1-5
Added Pin To Net: NetName=GND Pin=P1-6
Added Pin To Net: NetName=DO_LLS Pin=P1-7
Added Pin To Net: NetName=SDA Pin=R1-1
Added Pin To Net: NetName=SCL Pin=R1-2
Added Pin To Net: NetName=SQW Pin=R1-3
Added Pin To Net: NetName=32K Pin=R1-4
Added Pin To Net: NetName=NetIC1_8 Pin=R1-5
Added Pin To Net: NetName=NetIC1_8 Pin=R1-6
Added Pin To Net: NetName=NetIC1_8 Pin=R1-7
Added Pin To Net: NetName=NetIC1_8 Pin=R1-8
Added Pin To Net: NetName=NetIC1_3 Pin=R2-2
Added Pin To Net: NetName=NetIC1_2 Pin=R2-3
Added Pin To Net: NetName=NetIC1_1 Pin=R2-4
Added Pin To Net: NetName=NetIC1_8 Pin=R2-5
Added Pin To Net: NetName=NetIC1_8 Pin=R2-6
Added Pin To Net: NetName=NetIC1_8 Pin=R2-7
Added Pin To Net: NetName=NetIC1_8 Pin=R2-8
Added Pin To Net: NetName=MOSI Pin=R3-1
Added Pin To Net: NetName=NetIC2_2 Pin=R3-2
Added Pin To Net: NetName=NetIC2_12 Pin=R4-1
Added Pin To Net: NetName=DO_LLS Pin=R4-2
Added Pin To Net: NetName=+5 Pin=R5-1
Added Pin To Net: NetName=NetD1_1 Pin=R5-2
Added Pin To Net: NetName=SCK Pin=R6-1
Added Pin To Net: NetName=NetIC2_5 Pin=R6-2
Added Pin To Net: NetName=NetIC2_9 Pin=R7-1
Added Pin To Net: NetName=CS Pin=R7-2
Added Pin To Net: NetName=32K Pin=U1-1
Added Pin To Net: NetName=+5 Pin=U1-2
Added Pin To Net: NetName=SQW Pin=U1-3
Added Pin To Net: NetName=GND Pin=U1-13
Added Pin To Net: NetName=NetD1_2 Pin=U1-14
Added Pin To Net: NetName=NetIC1_5 Pin=U1-15
Added Pin To Net: NetName=NetIC1_6 Pin=U1-16
Added Pin To Net: NetName=GND Pin=U2-1
Added Pin To Net: NetName=NetD1_2 Pin=U2-2
Added Pin To Net: NetName=NetJP1_5 Pin=JP1-5
Added Pin To Net: NetName=NetJP1_5 Pin=JP1-6
Added Net: Name=NetJP1_5
Added Pin To Net: NetName=NetJP1_7 Pin=JP1-7
Added Pin To Net: NetName=NetJP1_7 Pin=JP1-8
Added Net: Name=NetJP1_7
Added Member To Class: ClassName=SDcard Member=Component C3 104
Added Member To Class: ClassName=SDcard Member=Component C4 105
Added Member To Class: ClassName=SDcard Member=Component D1 100v
Added Member To Class: ClassName=SDcard Member=Component IC1 AT24C32N-10SI-2.7
Added Member To Class: ClassName=SDcard Member=Component IC2 SN74LVC125APW
Added Member To Class: ClassName=SDcard Member=Component JP1 JP 2x5 2.54
Added Member To Class: ClassName=SDcard Member=Component JP2 JP 1x4 2.54
Added Member To Class: ClassName=SDcard Member=Component JP3 JP 2x6 2.54
Added Member To Class: ClassName=SDcard Member=Component P1 Micro SD card
Added Member To Class: ClassName=SDcard Member=Component R1 4.7k
Added Member To Class: ClassName=SDcard Member=Component R2 4.7k
Added Member To Class: ClassName=SDcard Member=Component R3 3.3k
Added Member To Class: ClassName=SDcard Member=Component R4 3.3k
Added Member To Class: ClassName=SDcard Member=Component R5 200R
Added Member To Class: ClassName=SDcard Member=Component R6 3.3k
Added Member To Class: ClassName=SDcard Member=Component R7 3.3k
Added Member To Class: ClassName=SDcard Member=Component U1 DS3231 SMD
Added Member To Class: ClassName=SDcard Member=Component U2 BH-68A-1
Added Room: Name=SDcard
